2024-04-05 17:57:49,618 [DEBUG]  Available web server routes: 
/conversations/<conversation_id:path>/messages     POST                           add_message
/conversations/<conversation_id:path>/tracker/events POST                           append_events
/model/test/intents                                POST                           evaluate_intents
/model/test/stories                                POST                           evaluate_stories
/conversations/<conversation_id:path>/execute      POST                           execute_action
/domain                                            GET                            get_domain
/                                                  GET                            hello
/model                                             PUT                            load_model
/model/parse                                       POST                           parse
/conversations/<conversation_id:path>/predict      POST                           predict
/conversations/<conversation_id:path>/tracker/events PUT                            replace_events
/conversations/<conversation_id:path>/story        GET                            retrieve_story
/conversations/<conversation_id:path>/tracker      GET                            retrieve_tracker
/webhooks/slack                                    GET                            slack_webhook.health
/webhooks/slack/webhook                            POST                           slack_webhook.webhook
/status                                            GET                            status
/model/predict                                     POST                           tracker_predict
/model/train                                       POST                           train
/conversations/<conversation_id:path>/trigger_intent POST                           trigger_intent
/model                                             DELETE                         unload_model
/version                                           GET                            version
2024-04-05 17:57:49,619 [INFO ]  Starting Rasa server on http://0.0.0.0:5002
2024-04-05 17:57:49,621 [DEBUG]  Using the default number of Sanic workers (1).
2024-04-05 17:57:50,086 [DEBUG]  Skipping telemetry reporting: no license hash found.
2024-04-05 17:57:50,129 [DEBUG]  Connected to InMemoryTrackerStore.
2024-04-05 17:57:50,129 [DEBUG]  Connected to lock store 'InMemoryLockStore'.
2024-04-05 17:57:50,129 [DEBUG]  Instantiated NLG to 'TemplatedNaturalLanguageGenerator'.
2024-04-05 17:57:50,131 [INFO ]  Loading model models\20240403-225701-jet-appraisal.tar.gz...
2024-04-05 17:57:50,502 [DEBUG]  Extracted model to 'C:\Users\MineAS\AppData\Local\Temp\tmpmym8yh89'.
2024-04-05 17:57:50,521 [DEBUG]  Node 'nlu_message_converter' loading 'NLUMessageConverter.load' and kwargs: '{}'.
2024-04-05 17:57:50,521 [DEBUG]  Node 'run_WhitespaceTokenizer0' loading 'WhitespaceTokenizer.load' and kwargs: '{}'.
2024-04-05 17:57:50,524 [DEBUG]  Node 'run_RegexFeaturizer1' loading 'RegexFeaturizer.load' and kwargs: '{}'.
2024-04-05 17:57:50,524 [DEBUG]  Resource 'train_RegexFeaturizer1' was requested for reading.
2024-04-05 17:57:50,525 [DEBUG]  Node 'run_LexicalSyntacticFeaturizer2' loading 'LexicalSyntacticFeaturizer.load' and kwargs: '{}'.
2024-04-05 17:57:50,525 [DEBUG]  Resource 'train_LexicalSyntacticFeaturizer2' was requested for reading.
2024-04-05 17:57:50,528 [DEBUG]  Node 'run_CountVectorsFeaturizer3' loading 'CountVectorsFeaturizer.load' and kwargs: '{}'.
2024-04-05 17:57:50,528 [DEBUG]  Resource 'train_CountVectorsFeaturizer3' was requested for reading.
2024-04-05 17:57:50,529 [DEBUG]  Node 'run_CountVectorsFeaturizer4' loading 'CountVectorsFeaturizer.load' and kwargs: '{}'.
2024-04-05 17:57:50,529 [DEBUG]  Resource 'train_CountVectorsFeaturizer4' was requested for reading.
2024-04-05 17:57:50,537 [DEBUG]  Node 'run_DIETClassifier5' loading 'DIETClassifier.load' and kwargs: '{}'.
2024-04-05 17:57:50,537 [DEBUG]  Resource 'train_DIETClassifier5' was requested for reading.
2024-04-05 17:57:50,541 [DEBUG]  Loading the model from C:\Users\MineAS\AppData\Local\Temp\tmpi8sjt57b\train_DIETClassifier5\DIETClassifier.tf_model with finetune_mode=False...
2024-04-05 17:57:50,590 [DEBUG]  Following metrics will be logged during training: 
2024-04-05 17:57:50,590 [DEBUG]    t_loss (total loss)
2024-04-05 17:57:50,590 [DEBUG]    i_acc (intent acc)
2024-04-05 17:57:50,590 [DEBUG]    i_loss (intent loss)
2024-04-05 17:57:50,590 [DEBUG]    e_f1 (entity f1)
2024-04-05 17:57:50,590 [DEBUG]    e_loss (entity loss)
2024-04-05 17:58:12,815 [DEBUG]  Finished loading the model.
2024-04-05 17:58:12,815 [DEBUG]  Node 'run_EntitySynonymMapper6' loading 'EntitySynonymMapper.load' and kwargs: '{}'.
2024-04-05 17:58:12,815 [DEBUG]  Resource 'train_EntitySynonymMapper6' was requested for reading.
2024-04-05 17:58:12,817 [DEBUG]  Node 'run_ResponseSelector7' loading 'ResponseSelector.load' and kwargs: '{}'.
2024-04-05 17:58:12,817 [DEBUG]  Resource 'train_ResponseSelector7' was requested for reading.
2024-04-05 17:58:12,817 [DEBUG]  Failed to load ABCMeta from model storage. Resource 'train_ResponseSelector7' doesn't exist.
2024-04-05 17:58:12,817 [DEBUG]  Resource 'train_ResponseSelector7' was requested for reading.
2024-04-05 17:58:12,817 [DEBUG]  Failed to load ResponseSelector from model storage. Resource 'train_ResponseSelector7' doesn't exist.
2024-04-05 17:58:12,818 [DEBUG]  Node 'run_FallbackClassifier8' loading 'FallbackClassifier.load' and kwargs: '{}'.
2024-04-05 17:58:12,818 [DEBUG]  Node 'run_RegexMessageHandler' loading 'RegexMessageHandler.load' and kwargs: '{}'.
2024-04-05 17:58:12,818 [DEBUG]  Node 'domain_provider' loading 'DomainProvider.load' and kwargs: '{}'.
2024-04-05 17:58:12,818 [DEBUG]  Resource 'domain_provider' was requested for reading.
2024-04-05 17:58:12,838 [DEBUG]  Node 'run_MemoizationPolicy0' loading 'MemoizationPolicy.load' and kwargs: '{}'.
2024-04-05 17:58:12,838 [DEBUG]  Resource 'train_MemoizationPolicy0' was requested for reading.
2024-04-05 17:58:12,841 [DEBUG]  Node 'run_RulePolicy1' loading 'RulePolicy.load' and kwargs: '{}'.
2024-04-05 17:58:12,841 [DEBUG]  Resource 'train_RulePolicy1' was requested for reading.
2024-04-05 17:58:12,848 [DEBUG]  Node 'run_UnexpecTEDIntentPolicy2' loading 'UnexpecTEDIntentPolicy.load' and kwargs: '{}'.
2024-04-05 17:58:12,848 [DEBUG]  Resource 'train_UnexpecTEDIntentPolicy2' was requested for reading.
2024-04-05 17:58:12,857 [DEBUG]  Loading the model from C:\Users\MineAS\AppData\Local\Temp\tmpi8sjt57b\train_UnexpecTEDIntentPolicy2\unexpected_intent_policy.tf_model with finetune_mode=False...
2024-04-05 17:58:22,393 [DEBUG]  Finished loading the model.
2024-04-05 17:58:22,394 [WARNI]  The UnexpecTED Intent Policy is currently experimental and might change or be removed in the future 🔬 Please share your feedback on it in the forum (https://forum.rasa.com) to help us make this feature ready for production.
2024-04-05 17:58:22,394 [DEBUG]  Node 'run_TEDPolicy3' loading 'TEDPolicy.load' and kwargs: '{}'.
2024-04-05 17:58:22,394 [DEBUG]  Resource 'train_TEDPolicy3' was requested for reading.
2024-04-05 17:58:22,402 [DEBUG]  Loading the model from C:\Users\MineAS\AppData\Local\Temp\tmpi8sjt57b\train_TEDPolicy3\ted_policy.tf_model with finetune_mode=False...
2024-04-05 17:58:31,261 [DEBUG]  Finished loading the model.
2024-04-05 17:58:31,262 [DEBUG]  Node 'rule_only_data_provider' loading 'RuleOnlyDataProvider.load' and kwargs: '{}'.
2024-04-05 17:58:31,262 [DEBUG]  Resource 'train_RulePolicy1' was requested for reading.
2024-04-05 17:58:31,263 [DEBUG]  Node 'select_prediction' loading 'DefaultPolicyPredictionEnsemble.load' and kwargs: '{}'.
2024-04-05 17:58:31,272 [INFO ]  Rasa server is up and running.
2024-04-05 17:58:31,273 [INFO ]  Enabling coroutine debugging. Loop id 1310219288144.
2024-04-05 17:59:02,132 [WARNI]  Received message on unsupported channel: C06SL2U1LR5
2024-04-05 17:59:30,359 [DEBUG]  Available web server routes: 
/conversations/<conversation_id:path>/messages     POST                           add_message
/conversations/<conversation_id:path>/tracker/events POST                           append_events
/model/test/intents                                POST                           evaluate_intents
/model/test/stories                                POST                           evaluate_stories
/conversations/<conversation_id:path>/execute      POST                           execute_action
/domain                                            GET                            get_domain
/                                                  GET                            hello
/model                                             PUT                            load_model
/model/parse                                       POST                           parse
/conversations/<conversation_id:path>/predict      POST                           predict
/conversations/<conversation_id:path>/tracker/events PUT                            replace_events
/conversations/<conversation_id:path>/story        GET                            retrieve_story
/conversations/<conversation_id:path>/tracker      GET                            retrieve_tracker
/webhooks/slack                                    GET                            slack_webhook.health
/webhooks/slack/webhook                            GET                            slack_webhook.webhook
/status                                            GET                            status
/model/predict                                     POST                           tracker_predict
/model/train                                       POST                           train
/conversations/<conversation_id:path>/trigger_intent POST                           trigger_intent
/model                                             DELETE                         unload_model
/version                                           GET                            version
2024-04-05 17:59:30,361 [INFO ]  Starting Rasa server on http://0.0.0.0:5002
2024-04-05 17:59:30,362 [DEBUG]  Using the default number of Sanic workers (1).
2024-04-05 17:59:30,807 [DEBUG]  Skipping telemetry reporting: no license hash found.
2024-04-05 17:59:30,850 [DEBUG]  Connected to InMemoryTrackerStore.
2024-04-05 17:59:30,850 [DEBUG]  Connected to lock store 'InMemoryLockStore'.
2024-04-05 17:59:30,850 [DEBUG]  Instantiated NLG to 'TemplatedNaturalLanguageGenerator'.
2024-04-05 17:59:30,851 [INFO ]  Loading model models\20240403-225701-jet-appraisal.tar.gz...
2024-04-05 17:59:31,234 [DEBUG]  Extracted model to 'C:\Users\MineAS\AppData\Local\Temp\tmp3gfg3sqy'.
2024-04-05 17:59:31,251 [DEBUG]  Node 'nlu_message_converter' loading 'NLUMessageConverter.load' and kwargs: '{}'.
2024-04-05 17:59:31,252 [DEBUG]  Node 'run_WhitespaceTokenizer0' loading 'WhitespaceTokenizer.load' and kwargs: '{}'.
2024-04-05 17:59:31,254 [DEBUG]  Node 'run_RegexFeaturizer1' loading 'RegexFeaturizer.load' and kwargs: '{}'.
2024-04-05 17:59:31,255 [DEBUG]  Resource 'train_RegexFeaturizer1' was requested for reading.
2024-04-05 17:59:31,255 [DEBUG]  Node 'run_LexicalSyntacticFeaturizer2' loading 'LexicalSyntacticFeaturizer.load' and kwargs: '{}'.
2024-04-05 17:59:31,255 [DEBUG]  Resource 'train_LexicalSyntacticFeaturizer2' was requested for reading.
2024-04-05 17:59:31,258 [DEBUG]  Node 'run_CountVectorsFeaturizer3' loading 'CountVectorsFeaturizer.load' and kwargs: '{}'.
2024-04-05 17:59:31,258 [DEBUG]  Resource 'train_CountVectorsFeaturizer3' was requested for reading.
2024-04-05 17:59:31,259 [DEBUG]  Node 'run_CountVectorsFeaturizer4' loading 'CountVectorsFeaturizer.load' and kwargs: '{}'.
2024-04-05 17:59:31,260 [DEBUG]  Resource 'train_CountVectorsFeaturizer4' was requested for reading.
2024-04-05 17:59:31,267 [DEBUG]  Node 'run_DIETClassifier5' loading 'DIETClassifier.load' and kwargs: '{}'.
2024-04-05 17:59:31,267 [DEBUG]  Resource 'train_DIETClassifier5' was requested for reading.
2024-04-05 17:59:31,271 [DEBUG]  Loading the model from C:\Users\MineAS\AppData\Local\Temp\tmp4uj3leep\train_DIETClassifier5\DIETClassifier.tf_model with finetune_mode=False...
2024-04-05 17:59:31,324 [DEBUG]  Following metrics will be logged during training: 
2024-04-05 17:59:31,324 [DEBUG]    t_loss (total loss)
2024-04-05 17:59:31,324 [DEBUG]    i_acc (intent acc)
2024-04-05 17:59:31,324 [DEBUG]    i_loss (intent loss)
2024-04-05 17:59:31,324 [DEBUG]    e_f1 (entity f1)
2024-04-05 17:59:31,324 [DEBUG]    e_loss (entity loss)
2024-04-05 17:59:53,224 [DEBUG]  Finished loading the model.
2024-04-05 17:59:53,225 [DEBUG]  Node 'run_EntitySynonymMapper6' loading 'EntitySynonymMapper.load' and kwargs: '{}'.
2024-04-05 17:59:53,225 [DEBUG]  Resource 'train_EntitySynonymMapper6' was requested for reading.
2024-04-05 17:59:53,226 [DEBUG]  Node 'run_ResponseSelector7' loading 'ResponseSelector.load' and kwargs: '{}'.
2024-04-05 17:59:53,226 [DEBUG]  Resource 'train_ResponseSelector7' was requested for reading.
2024-04-05 17:59:53,226 [DEBUG]  Failed to load ABCMeta from model storage. Resource 'train_ResponseSelector7' doesn't exist.
2024-04-05 17:59:53,227 [DEBUG]  Resource 'train_ResponseSelector7' was requested for reading.
2024-04-05 17:59:53,227 [DEBUG]  Failed to load ResponseSelector from model storage. Resource 'train_ResponseSelector7' doesn't exist.
2024-04-05 17:59:53,227 [DEBUG]  Node 'run_FallbackClassifier8' loading 'FallbackClassifier.load' and kwargs: '{}'.
2024-04-05 17:59:53,227 [DEBUG]  Node 'run_RegexMessageHandler' loading 'RegexMessageHandler.load' and kwargs: '{}'.
2024-04-05 17:59:53,227 [DEBUG]  Node 'domain_provider' loading 'DomainProvider.load' and kwargs: '{}'.
2024-04-05 17:59:53,227 [DEBUG]  Resource 'domain_provider' was requested for reading.
2024-04-05 17:59:53,246 [DEBUG]  Node 'run_MemoizationPolicy0' loading 'MemoizationPolicy.load' and kwargs: '{}'.
2024-04-05 17:59:53,246 [DEBUG]  Resource 'train_MemoizationPolicy0' was requested for reading.
2024-04-05 17:59:53,248 [DEBUG]  Node 'run_RulePolicy1' loading 'RulePolicy.load' and kwargs: '{}'.
2024-04-05 17:59:53,248 [DEBUG]  Resource 'train_RulePolicy1' was requested for reading.
2024-04-05 17:59:53,254 [DEBUG]  Node 'run_UnexpecTEDIntentPolicy2' loading 'UnexpecTEDIntentPolicy.load' and kwargs: '{}'.
2024-04-05 17:59:53,254 [DEBUG]  Resource 'train_UnexpecTEDIntentPolicy2' was requested for reading.
2024-04-05 17:59:53,261 [DEBUG]  Loading the model from C:\Users\MineAS\AppData\Local\Temp\tmp4uj3leep\train_UnexpecTEDIntentPolicy2\unexpected_intent_policy.tf_model with finetune_mode=False...
2024-04-05 18:00:02,816 [DEBUG]  Finished loading the model.
2024-04-05 18:00:02,816 [WARNI]  The UnexpecTED Intent Policy is currently experimental and might change or be removed in the future 🔬 Please share your feedback on it in the forum (https://forum.rasa.com) to help us make this feature ready for production.
2024-04-05 18:00:02,817 [DEBUG]  Node 'run_TEDPolicy3' loading 'TEDPolicy.load' and kwargs: '{}'.
2024-04-05 18:00:02,817 [DEBUG]  Resource 'train_TEDPolicy3' was requested for reading.
2024-04-05 18:00:02,826 [DEBUG]  Loading the model from C:\Users\MineAS\AppData\Local\Temp\tmp4uj3leep\train_TEDPolicy3\ted_policy.tf_model with finetune_mode=False...
2024-04-05 18:00:11,299 [DEBUG]  Finished loading the model.
2024-04-05 18:00:11,299 [DEBUG]  Node 'rule_only_data_provider' loading 'RuleOnlyDataProvider.load' and kwargs: '{}'.
2024-04-05 18:00:11,301 [DEBUG]  Resource 'train_RulePolicy1' was requested for reading.
2024-04-05 18:00:11,302 [DEBUG]  Node 'select_prediction' loading 'DefaultPolicyPredictionEnsemble.load' and kwargs: '{}'.
2024-04-05 18:00:11,311 [INFO ]  Rasa server is up and running.
2024-04-05 18:00:11,312 [INFO ]  Enabling coroutine debugging. Loop id 1637721805008.
2024-04-05 18:00:53,978 [DEBUG]  Issuing ticket for conversation 'U06SL2QPM4P'.
2024-04-05 18:00:53,979 [DEBUG]  Acquiring lock for conversation 'U06SL2QPM4P'.
2024-04-05 18:00:53,979 [DEBUG]  Acquired lock for conversation 'U06SL2QPM4P'.
2024-04-05 18:00:53,979 [DEBUG]  Could not find tracker for conversation ID 'U06SL2QPM4P'.
2024-04-05 18:00:53,979 [DEBUG]  No event broker configured. Skipping streaming events.
2024-04-05 18:00:53,979 [DEBUG]  Starting a new session for conversation ID 'U06SL2QPM4P'.
2024-04-05 18:00:53,981 [DEBUG]  [[32m[1mdebug    [0m] [1mprocessor.actions.policy_prediction[0m [36mprediction_events[0m=[35m[][0m
2024-04-05 18:00:53,982 [DEBUG]  [[32m[1mdebug    [0m] [1mprocessor.actions.log         [0m [36maction_name[0m=[35maction_session_start[0m [36mrasa_events[0m=[35m[<rasa.shared.core.events.SessionStarted object at 0x0000017D8B9DCB50>, SlotSet(key: session_started_metadata, value: {'out_channel': 'C06SL2U1LR5', 'thread_id': '1712332856.586639', 'users': ['U06TPFZQG9W']}), ActionExecuted(action: action_listen, policy: None, confidence: None)][0m
2024-04-05 18:00:53,982 [DEBUG]  [[32m[1mdebug    [0m] [1mprocessor.slots.log           [0m [36mslot_values[0m=[35m	day: None
	session_started_metadata: {'out_channel': 'C06SL2U1LR5', 'thread_id': '1712332856.586639', 'users': ['U06TPFZQG9W']}[0m
2024-04-05 18:00:53,982 [DEBUG]  Running graph with inputs: {'__message__': [<rasa.core.channels.channel.UserMessage object at 0x0000017D8553E820>], '__tracker__': <rasa.shared.core.trackers.DialogueStateTracker object at 0x0000017D8B9D9F40>}, targets: ['run_RegexMessageHandler'] and ExecutionContext(model_id='d68f6ac652fb4ec880c3c2f0db820a56', should_add_diagnostic_data=False, is_finetuning=False, node_name=None).
2024-04-05 18:00:53,983 [DEBUG]  Node 'nlu_message_converter' running 'NLUMessageConverter.convert_user_message'.
2024-04-05 18:00:53,983 [DEBUG]  Node 'run_WhitespaceTokenizer0' running 'WhitespaceTokenizer.process'.
2024-04-05 18:00:53,984 [DEBUG]  Node 'run_RegexFeaturizer1' running 'RegexFeaturizer.process'.
2024-04-05 18:00:53,984 [DEBUG]  Node 'run_LexicalSyntacticFeaturizer2' running 'LexicalSyntacticFeaturizer.process'.
2024-04-05 18:00:53,984 [DEBUG]  Node 'run_CountVectorsFeaturizer3' running 'CountVectorsFeaturizer.process'.
2024-04-05 18:00:53,985 [DEBUG]  Node 'run_CountVectorsFeaturizer4' running 'CountVectorsFeaturizer.process'.
2024-04-05 18:00:53,985 [DEBUG]  Node 'run_DIETClassifier5' running 'DIETClassifier.process'.
2024-04-05 18:00:54,243 [DEBUG]  Node 'run_EntitySynonymMapper6' running 'EntitySynonymMapper.process'.
2024-04-05 18:00:54,243 [DEBUG]  Node 'run_ResponseSelector7' running 'ResponseSelector.process'.
2024-04-05 18:00:54,243 [DEBUG]  There is no trained model for 'ResponseSelector': The component is either not trained or didn't receive enough training data.
2024-04-05 18:00:54,243 [DEBUG]  Adding following selector key to message property: default
2024-04-05 18:00:54,243 [DEBUG]  Node 'run_FallbackClassifier8' running 'FallbackClassifier.process'.
2024-04-05 18:00:54,244 [DEBUG]  Node 'domain_provider' running 'DomainProvider.provide_inference'.
2024-04-05 18:00:54,244 [DEBUG]  Node 'run_RegexMessageHandler' running 'RegexMessageHandler.process'.
2024-04-05 18:00:54,244 [DEBUG]  [[32m[1mdebug    [0m] [1mprocessor.message.parse       [0m [36mparse_data_entities[0m=[35m[][0m [36mparse_data_intent[0m=[35m{'name': 'affirm', 'confidence': 0.865081787109375}[0m [36mparse_data_text[0m=[35mtest[0m
2024-04-05 18:00:54,244 [DEBUG]  Logged UserUtterance - tracker now has 6 events.
2024-04-05 18:00:54,245 [DEBUG]  Validating extracted slots: 
2024-04-05 18:00:54,246 [DEBUG]  [[32m[1mdebug    [0m] [1mprocessor.extract.slots       [0m [36maction_extract_slot[0m=[35maction_extract_slots[0m [36mlen_extraction_events[0m=[35m0[0m [36mrasa_events[0m=[35m[][0m
2024-04-05 18:00:54,246 [DEBUG]  Running graph with inputs: {'__tracker__': <rasa.shared.core.trackers.DialogueStateTracker object at 0x0000017D8B9D9F40>}, targets: ['select_prediction'] and ExecutionContext(model_id='d68f6ac652fb4ec880c3c2f0db820a56', should_add_diagnostic_data=False, is_finetuning=False, node_name=None).
2024-04-05 18:00:54,246 [DEBUG]  Node 'rule_only_data_provider' running 'RuleOnlyDataProvider.provide'.
2024-04-05 18:00:54,246 [DEBUG]  Node 'domain_provider' running 'DomainProvider.provide_inference'.
2024-04-05 18:00:54,246 [DEBUG]  Node 'run_MemoizationPolicy0' running 'MemoizationPolicy.predict_action_probabilities'.
2024-04-05 18:00:54,246 [DEBUG]  [[32m[1mdebug    [0m] [1mmemoization.predict.actions   [0m [36mtracker_states[0m=[35m[{}, {'user': {'intent': 'affirm'}, 'prev_action': {'action_name': 'action_listen'}}][0m
2024-04-05 18:00:54,247 [DEBUG]  There is no memorised next action
2024-04-05 18:00:54,247 [DEBUG]  Node 'run_RulePolicy1' running 'RulePolicy.predict_action_probabilities'.
2024-04-05 18:00:54,247 [DEBUG]  [[32m[1mdebug    [0m] [1mrule_policy.actions.find      [0m [36mcurrent_states[0m=[35m
[state 1] user text: test | previous action name: action_listen[0m
2024-04-05 18:00:54,247 [DEBUG]  There is no applicable rule.
2024-04-05 18:00:54,247 [DEBUG]  [[32m[1mdebug    [0m] [1mrule_policy.actions.find      [0m [36mcurrent_states[0m=[35m
[state 1] user intent: affirm | previous action name: action_listen[0m
2024-04-05 18:00:54,248 [DEBUG]  There is no applicable rule.
2024-04-05 18:00:54,248 [DEBUG]  Node 'run_TEDPolicy3' running 'TEDPolicy.predict_action_probabilities'.
2024-04-05 18:00:54,251 [DEBUG]  TED predicted 'utter_happy' based on user intent.
2024-04-05 18:00:54,252 [DEBUG]  Node 'run_UnexpecTEDIntentPolicy2' running 'UnexpecTEDIntentPolicy.predict_action_probabilities'.
2024-04-05 18:00:54,529 [DEBUG]  Querying for intent `affirm`.
2024-04-05 18:00:54,529 [DEBUG]  Score for intent `affirm` is `-1.175606369972229`, while threshold is `-0.9695205688476562`.
2024-04-05 18:00:54,529 [DEBUG]  Top 5 intents (in ascending order) that are likely here are: `[('deny', -1.2537941), ('affirm', -1.1756064), ('list_menu', 0.84213114), ('opening_hours', 0.86052465), ('greet', 1.1167848)]`.
2024-04-05 18:00:54,529 [DEBUG]  Intent `affirm-0` unlikely to occur here.
2024-04-05 18:00:54,529 [DEBUG]  Node 'select_prediction' running 'DefaultPolicyPredictionEnsemble.combine_predictions_from_kwargs'.
2024-04-05 18:00:54,529 [DEBUG]  Made prediction using user intent.
2024-04-05 18:00:54,529 [DEBUG]  Added `DefinePrevUserUtteredFeaturization(False)` event.
2024-04-05 18:00:54,530 [DEBUG]  Predicted next action using UnexpecTEDIntentPolicy.
2024-04-05 18:00:54,530 [DEBUG]  Predicted next action 'action_unlikely_intent' with confidence 1.00.
2024-04-05 18:00:54,530 [DEBUG]  [[32m[1mdebug    [0m] [1mprocessor.actions.policy_prediction[0m [36mprediction_events[0m=[35m[<rasa.shared.core.events.DefinePrevUserUtteredFeaturization object at 0x0000017D8B9DC8B0>][0m
2024-04-05 18:00:54,530 [DEBUG]  [[32m[1mdebug    [0m] [1mprocessor.actions.log         [0m [36maction_name[0m=[35maction_unlikely_intent[0m [36mrasa_events[0m=[35m[][0m
2024-04-05 18:00:54,530 [DEBUG]  [[32m[1mdebug    [0m] [1mprocessor.slots.log           [0m [36mslot_values[0m=[35m	day: None
	session_started_metadata: {'out_channel': 'C06SL2U1LR5', 'thread_id': '1712332856.586639', 'users': ['U06TPFZQG9W']}[0m
2024-04-05 18:00:54,531 [DEBUG]  Running graph with inputs: {'__tracker__': <rasa.shared.core.trackers.DialogueStateTracker object at 0x0000017D8B9D9F40>}, targets: ['select_prediction'] and ExecutionContext(model_id='d68f6ac652fb4ec880c3c2f0db820a56', should_add_diagnostic_data=False, is_finetuning=False, node_name=None).
2024-04-05 18:00:54,531 [DEBUG]  Node 'rule_only_data_provider' running 'RuleOnlyDataProvider.provide'.
2024-04-05 18:00:54,531 [DEBUG]  Node 'domain_provider' running 'DomainProvider.provide_inference'.
2024-04-05 18:00:54,531 [DEBUG]  Node 'run_MemoizationPolicy0' running 'MemoizationPolicy.predict_action_probabilities'.
2024-04-05 18:00:54,531 [DEBUG]  [[32m[1mdebug    [0m] [1mmemoization.predict.actions   [0m [36mtracker_states[0m=[35m[{}, {'user': {'intent': 'affirm'}, 'prev_action': {'action_name': 'action_listen'}}][0m
2024-04-05 18:00:54,531 [DEBUG]  There is no memorised next action
2024-04-05 18:00:54,533 [DEBUG]  Node 'run_RulePolicy1' running 'RulePolicy.predict_action_probabilities'.
2024-04-05 18:00:54,533 [DEBUG]  [[32m[1mdebug    [0m] [1mrule_policy.actions.find      [0m [36mcurrent_states[0m=[35m
[state 1] user intent: affirm | previous action name: action_listen
[state 2] user intent: affirm | previous action name: action_unlikely_intent[0m
2024-04-05 18:00:54,533 [DEBUG]  There is no applicable rule.
2024-04-05 18:00:54,533 [DEBUG]  Node 'run_TEDPolicy3' running 'TEDPolicy.predict_action_probabilities'.
2024-04-05 18:00:54,536 [DEBUG]  TED predicted 'utter_happy' based on user intent.
2024-04-05 18:00:54,536 [DEBUG]  Node 'run_UnexpecTEDIntentPolicy2' running 'UnexpecTEDIntentPolicy.predict_action_probabilities'.
2024-04-05 18:00:54,537 [DEBUG]  Skipping predictions for UnexpecTEDIntentPolicy as either there is no event of type `UserUttered`, event's intent is new and not in domain or there is an event of type `ActionExecuted` after the last `UserUttered`.
2024-04-05 18:00:54,537 [DEBUG]  Node 'select_prediction' running 'DefaultPolicyPredictionEnsemble.combine_predictions_from_kwargs'.
2024-04-05 18:00:54,537 [DEBUG]  Predicted next action using TEDPolicy.
2024-04-05 18:00:54,537 [DEBUG]  Predicted next action 'utter_happy' with confidence 0.93.
2024-04-05 18:00:54,538 [DEBUG]  [[32m[1mdebug    [0m] [1mprocessor.actions.policy_prediction[0m [36mprediction_events[0m=[35m[][0m
2024-04-05 18:00:54,538 [DEBUG]  [[32m[1mdebug    [0m] [1mprocessor.actions.log         [0m [36maction_name[0m=[35mutter_happy[0m [36mrasa_events[0m=[35m[BotUttered('Great, carry on!', {"elements": null, "quick_replies": null, "buttons": null, "attachment": null, "image": null, "custom": null}, {"utter_action": "utter_happy"}, 1712332854.5381105)][0m
2024-04-05 18:00:54,542 [DEBUG]  Sending a request - url: POST https://www.slack.com/api/chat.postMessage, params: {}, files: {}, data: {}, json: {'type': 'mrkdwn', 'channel': 'C06SL2U1LR5', 'text': 'Great, carry on!', 'as_user': True}, proxy: {}, headers: {'Content-Type': 'application/json;charset=utf-8', 'Authorization': '(redacted)', 'User-Agent': 'Python/3.9.9 slackclient/3.27.1 Windows/10'}
2024-04-05 18:00:54,971 [INFO ]  A retry handler found: AsyncConnectionErrorRetryHandler for POST https://www.slack.com/api/chat.postMessage - Cannot connect to host www.slack.com:443 ssl:True [SSLCertVerificationError: (1, '[SSL: CERTIFICATE_VERIFY_FAILED] certificate verify failed: certificate has expired (_ssl.c:1129)')]
2024-04-05 18:00:55,681 [DEBUG]  Sending a request - url: POST https://www.slack.com/api/chat.postMessage, params: {}, files: {}, data: {}, json: {'type': 'mrkdwn', 'channel': 'C06SL2U1LR5', 'text': 'Great, carry on!', 'as_user': True}, proxy: {}, headers: {'Content-Type': 'application/json;charset=utf-8', 'Authorization': '(redacted)', 'User-Agent': 'Python/3.9.9 slackclient/3.27.1 Windows/10'}
2024-04-05 18:00:56,065 [DEBUG]  Deleted lock for conversation 'U06SL2QPM4P'.
2024-04-05 18:00:56,066 [ERROR]  Task exception was never retrieved
future: <Task finished name='Task-11' coro=<register.<locals>.handler() done, defined at E:\Python39\lib\site-packages\rasa\core\channels\channel.py:88> exception=ClientConnectorCertificateError(ConnectionKey(host='www.slack.com', port=443, is_ssl=True, ssl=True, proxy=None, proxy_auth=None, proxy_headers_hash=None), SSLCertVerificationError(1, '[SSL: CERTIFICATE_VERIFY_FAILED] certificate verify failed: certificate has expired (_ssl.c:1129)')) created at E:\Python39\lib\asyncio\tasks.py:361>
source_traceback: Object created at (most recent call last):
  File "E:\Python39\lib\runpy.py", line 197, in _run_module_as_main
    return _run_code(code, main_globals, None,
  File "E:\Python39\lib\runpy.py", line 87, in _run_code
    exec(code, run_globals)
  File "E:\Python39\Scripts\rasa.exe\__main__.py", line 7, in <module>
    sys.exit(main())
  File "E:\Python39\lib\site-packages\rasa\__main__.py", line 133, in main
    cmdline_arguments.func(cmdline_arguments)
  File "E:\Python39\lib\site-packages\rasa\cli\run.py", line 93, in run
    rasa.run(**vars(args))
  File "E:\Python39\lib\site-packages\rasa\api.py", line 56, in run
    rasa.core.run.serve_application(
  File "E:\Python39\lib\site-packages\rasa\core\run.py", line 268, in serve_application
    app.run(
  File "E:\Python39\lib\site-packages\sanic\app.py", line 1204, in run
    serve_single(server_settings)
  File "E:\Python39\lib\site-packages\sanic\server\runners.py", line 206, in serve_single
    serve(**server_settings)
  File "E:\Python39\lib\site-packages\sanic\server\runners.py", line 155, in serve
    loop.run_forever()
  File "E:\Python39\lib\asyncio\windows_events.py", line 316, in run_forever
    super().run_forever()
  File "E:\Python39\lib\asyncio\base_events.py", line 596, in run_forever
    self._run_once()
  File "E:\Python39\lib\asyncio\base_events.py", line 1882, in _run_once
    handle._run()
  File "E:\Python39\lib\asyncio\events.py", line 80, in _run
    self._context.run(self._callback, *self._args)
  File "connection_task", line 15, in connection_task
    from sanic.http import Http, Stage
  File "E:\Python39\lib\site-packages\sanic\http.py", line 146, in http1
    await self.protocol.request_handler(self.request)
  File "handle_request", line 83, in handle_request
    )
  File "E:\Python39\lib\site-packages\rasa\core\channels\slack.py", line 550, in webhook
    return await self.process_message(
  File "E:\Python39\lib\site-packages\rasa\core\channels\slack.py", line 392, in process_message
    task: asyncio.Task = asyncio.create_task(on_new_message(user_msg))
  File "E:\Python39\lib\asyncio\tasks.py", line 361, in create_task
    task = loop.create_task(coro)
Traceback (most recent call last):
  File "C:\Users\MineAS\AppData\Roaming\Python\Python39\site-packages\aiohttp\connector.py", line 992, in _wrap_create_connection
    return await self._loop.create_connection(*args, **kwargs)
  File "E:\Python39\lib\asyncio\base_events.py", line 1081, in create_connection
    transport, protocol = await self._create_connection_transport(
  File "E:\Python39\lib\asyncio\base_events.py", line 1111, in _create_connection_transport
    await waiter
  File "E:\Python39\lib\asyncio\sslproto.py", line 528, in data_received
    ssldata, appdata = self._sslpipe.feed_ssldata(data)
  File "E:\Python39\lib\asyncio\sslproto.py", line 188, in feed_ssldata
    self._sslobj.do_handshake()
  File "E:\Python39\lib\ssl.py", line 944, in do_handshake
    self._sslobj.do_handshake()
ssl.SSLCertVerificationError: [SSL: CERTIFICATE_VERIFY_FAILED] certificate verify failed: certificate has expired (_ssl.c:1129)

The above exception was the direct cause of the following exception:

Traceback (most recent call last):
  File "E:\Python39\lib\site-packages\rasa\core\channels\channel.py", line 89, in handler
    await app.ctx.agent.handle_message(message)
  File "E:\Python39\lib\site-packages\rasa\core\agent.py", line 419, in handle_message
    return await self.processor.handle_message(  # type: ignore[union-attr]
  File "E:\Python39\lib\site-packages\rasa\core\processor.py", line 169, in handle_message
    await self._run_prediction_loop(message.output_channel, tracker)
  File "E:\Python39\lib\site-packages\rasa\core\processor.py", line 884, in _run_prediction_loop
    should_predict_another_action = await self._run_action(
  File "E:\Python39\lib\site-packages\rasa\core\processor.py", line 1017, in _run_action
    await self.execute_side_effects(events, tracker, output_channel)
  File "E:\Python39\lib\site-packages\rasa\core\processor.py", line 910, in execute_side_effects
    await self._send_bot_messages(events, tracker, output_channel)
  File "E:\Python39\lib\site-packages\rasa\core\processor.py", line 925, in _send_bot_messages
    await output_channel.send_response(tracker.sender_id, e.message())
  File "E:\Python39\lib\site-packages\rasa\core\channels\channel.py", line 233, in send_response
    await self.send_text_message(recipient_id, message.pop("text"), **message)
  File "E:\Python39\lib\site-packages\rasa\core\channels\slack.py", line 60, in send_text_message
    await self._post_message(
  File "E:\Python39\lib\site-packages\rasa\core\channels\slack.py", line 52, in _post_message
    await self.client.chat_postMessage(channel=channel, **kwargs)
  File "E:\Python39\lib\site-packages\slack_sdk\web\async_client.py", line 2573, in chat_postMessage
    return await self.api_call("chat.postMessage", json=kwargs)
  File "E:\Python39\lib\site-packages\slack_sdk\web\async_base_client.py", line 161, in api_call
    return await self._send(
  File "E:\Python39\lib\site-packages\slack_sdk\web\async_base_client.py", line 190, in _send
    res = await self._request(http_verb=http_verb, api_url=api_url, req_args=req_args)
  File "E:\Python39\lib\site-packages\slack_sdk\web\async_base_client.py", line 208, in _request
    return await _request_with_session(
  File "E:\Python39\lib\site-packages\slack_sdk\web\async_internal_utils.py", line 199, in _request_with_session
    raise last_error
  File "E:\Python39\lib\site-packages\slack_sdk\web\async_internal_utils.py", line 110, in _request_with_session
    async with session.request(http_verb, api_url, **req_args) as res:
  File "C:\Users\MineAS\AppData\Roaming\Python\Python39\site-packages\aiohttp\client.py", line 1194, in __aenter__
    self._resp = await self._coro
  File "C:\Users\MineAS\AppData\Roaming\Python\Python39\site-packages\aiohttp\client.py", line 578, in _request
    conn = await self._connector.connect(
  File "C:\Users\MineAS\AppData\Roaming\Python\Python39\site-packages\aiohttp\connector.py", line 544, in connect
    proto = await self._create_connection(req, traces, timeout)
  File "C:\Users\MineAS\AppData\Roaming\Python\Python39\site-packages\aiohttp\connector.py", line 911, in _create_connection
    _, proto = await self._create_direct_connection(req, traces, timeout)
  File "C:\Users\MineAS\AppData\Roaming\Python\Python39\site-packages\aiohttp\connector.py", line 1235, in _create_direct_connection
    raise last_exc
  File "C:\Users\MineAS\AppData\Roaming\Python\Python39\site-packages\aiohttp\connector.py", line 1204, in _create_direct_connection
    transp, proto = await self._wrap_create_connection(
  File "C:\Users\MineAS\AppData\Roaming\Python\Python39\site-packages\aiohttp\connector.py", line 994, in _wrap_create_connection
    raise ClientConnectorCertificateError(req.connection_key, exc) from exc
aiohttp.client_exceptions.ClientConnectorCertificateError: Cannot connect to host www.slack.com:443 ssl:True [SSLCertVerificationError: (1, '[SSL: CERTIFICATE_VERIFY_FAILED] certificate verify failed: certificate has expired (_ssl.c:1129)')]
